<?xml version="1.0" encoding="UTF-8"?>
<!-- Generated by org.testng.reporters.JUnitReportReporter -->
<testsuite skipped="0" hostname="DESKTOP-KQ0EMK1" name="tests.LoginTest" tests="1" failures="0" timestamp="2023-10-11T19:24:54 CDT" time="7.086" errors="0">
  <testcase name="validUserShuldBeAbleToLogIn" time="7.086" classname="tests.LoginTest"/>
  <system-out/>
</testsuite> <!-- tests.LoginTest -->
