<?xml version="1.0" encoding="UTF-8"?>
<!-- Generated by org.testng.reporters.JUnitReportReporter -->
<testsuite skipped="0" hostname="DESKTOP-KQ0EMK1" name="tests.DashboardTest" tests="1" failures="0" timestamp="2023-10-12T13:53:05 CDT" time="9.893" errors="0">
  <testcase name="userShuldBeAbleToClickOnCustomersAndAddCustomer" time="9.893" classname="tests.DashboardTest"/>
  <system-out/>
</testsuite> <!-- tests.DashboardTest -->
