<?xml version="1.0" encoding="UTF-8"?>
<!-- Generated by org.testng.reporters.JUnitReportReporter -->
<testsuite skipped="0" hostname="DESKTOP-KQ0EMK1" name="tests.AddCustomerTest" tests="1" failures="0" timestamp="2023-10-12T14:30:10 CDT" time="14.047" errors="0">
  <testcase name="userShuldBeAbleToAddCustomers" time="14.047" classname="tests.AddCustomerTest"/>
  <system-out/>
</testsuite> <!-- tests.AddCustomerTest -->
